Flow report for spectrum_analyzer
Sun Oct 30 15:44:27 2022
Quartus Prime Version 20.1.0 Build 711 06/05/2020 SJ Lite Edition


---------------------
; Table of Contents ;
---------------------
  1. Legal Notice
  2. Flow Summary
  3. Flow Settings
  4. Flow Non-Default Global Settings
  5. Flow Elapsed Time
  6. Flow OS Summary
  7. Flow Log
  8. Flow Messages
  9. Flow Suppressed Messages



----------------
; Legal Notice ;
----------------
Copyright (C) 2020  Intel Corporation. All rights reserved.
Your use of Intel Corporation's design tools, logic functions 
and other software and tools, and any partner logic 
functions, and any output files from any of the foregoing 
(including device programming or simulation files), and any 
associated documentation or information are expressly subject 
to the terms and conditions of the Intel Program License 
Subscription Agreement, the Intel Quartus Prime License Agreement,
the Intel FPGA IP License Agreement, or other applicable license
agreement, including, without limitation, that your use is for
the sole purpose of programming logic devices manufactured by
Intel and sold by Intel or its authorized distributors.  Please
refer to the applicable agreement for further details, at
https://fpgasoftware.intel.com/eula.



+----------------------------------------------------------------------------------+
; Flow Summary                                                                     ;
+------------------------------------+---------------------------------------------+
; Flow Status                        ; Successful - Sun Oct 30 15:44:27 2022       ;
; Quartus Prime Version              ; 20.1.0 Build 711 06/05/2020 SJ Lite Edition ;
; Revision Name                      ; spectrum_analyzer                           ;
; Top-level Entity Name              ; spectrum_analyzer                           ;
; Family                             ; MAX 10                                      ;
; Device                             ; 10M50DAF484C7G                              ;
; Timing Models                      ; Final                                       ;
; Total logic elements               ; 5,050 / 49,760 ( 10 % )                     ;
;     Total combinational functions  ; 4,240 / 49,760 ( 9 % )                      ;
;     Dedicated logic registers      ; 2,094 / 49,760 ( 4 % )                      ;
; Total registers                    ; 2094                                        ;
; Total pins                         ; 21 / 360 ( 6 % )                            ;
; Total virtual pins                 ; 0                                           ;
; Total memory bits                  ; 114,688 / 1,677,312 ( 7 % )                 ;
; Embedded Multiplier 9-bit elements ; 13 / 288 ( 5 % )                            ;
; Total PLLs                         ; 1 / 4 ( 25 % )                              ;
; UFM blocks                         ; 0 / 1 ( 0 % )                               ;
; ADC blocks                         ; 0 / 2 ( 0 % )                               ;
+------------------------------------+---------------------------------------------+


+-----------------------------------------+
; Flow Settings                           ;
+-------------------+---------------------+
; Option            ; Setting             ;
+-------------------+---------------------+
; Start date & time ; 10/30/2022 15:41:52 ;
; Main task         ; Compilation         ;
; Revision Name     ; spectrum_analyzer   ;
+-------------------+---------------------+


+-----------------------------------------------------------------------------------------------------------------------------------------------------------------------+
; Flow Non-Default Global Settings                                                                                                                                      ;
+-------------------------------------+----------------------------------------+--------------------------------------+-------------+-----------------------------------+
; Assignment Name                     ; Value                                  ; Default Value                        ; Entity Name ; Section Id                        ;
+-------------------------------------+----------------------------------------+--------------------------------------+-------------+-----------------------------------+
; COMPILER_SIGNATURE_ID               ; 167304649327723.166714091219814        ; --                                   ; --          ; --                                ;
; EDA_GENERATE_FUNCTIONAL_NETLIST     ; Off                                    ; --                                   ; --          ; eda_board_design_timing           ;
; EDA_GENERATE_FUNCTIONAL_NETLIST     ; Off                                    ; --                                   ; --          ; eda_board_design_boundary_scan    ;
; EDA_GENERATE_FUNCTIONAL_NETLIST     ; Off                                    ; --                                   ; --          ; eda_board_design_signal_integrity ;
; EDA_GENERATE_FUNCTIONAL_NETLIST     ; Off                                    ; --                                   ; --          ; eda_board_design_symbol           ;
; EDA_OUTPUT_DATA_FORMAT              ; Vhdl                                   ; --                                   ; --          ; eda_simulation                    ;
; EDA_SIMULATION_TOOL                 ; ModelSim-Altera (VHDL)                 ; <None>                               ; --          ; --                                ;
; EDA_TIME_SCALE                      ; 1 ps                                   ; --                                   ; --          ; eda_simulation                    ;
; MAX_CORE_JUNCTION_TEMP              ; 85                                     ; --                                   ; --          ; --                                ;
; MIN_CORE_JUNCTION_TEMP              ; 0                                      ; --                                   ; --          ; --                                ;
; MISC_FILE                           ; ram_ip.cmp                             ; --                                   ; --          ; --                                ;
; MISC_FILE                           ; bclk.cmp                               ; --                                   ; --          ; --                                ;
; MISC_FILE                           ; bclk.ppf                               ; --                                   ; --          ; --                                ;
; MISC_FILE                           ; shift_reg.cmp                          ; --                                   ; --          ; --                                ;
; PARTITION_COLOR                     ; -- (Not supported for targeted family) ; --                                   ; --          ; Top                               ;
; PARTITION_FITTER_PRESERVATION_LEVEL ; -- (Not supported for targeted family) ; --                                   ; --          ; Top                               ;
; PARTITION_NETLIST_TYPE              ; -- (Not supported for targeted family) ; --                                   ; --          ; Top                               ;
; PROJECT_IP_REGENERATION_POLICY      ; ALWAYS_REGENERATE_IP                   ; SKIP_REGENERATING_IP_IF_HDL_MODIFIED ; --          ; --                                ;
; PROJECT_OUTPUT_DIRECTORY            ; output_files                           ; --                                   ; --          ; --                                ;
+-------------------------------------+----------------------------------------+--------------------------------------+-------------+-----------------------------------+


+--------------------------------------------------------------------------------------------------------------------------+
; Flow Elapsed Time                                                                                                        ;
+----------------------+--------------+-------------------------+---------------------+------------------------------------+
; Module Name          ; Elapsed Time ; Average Processors Used ; Peak Virtual Memory ; Total CPU Time (on all processors) ;
+----------------------+--------------+-------------------------+---------------------+------------------------------------+
; Analysis & Synthesis ; 00:00:35     ; 1.0                     ; 526 MB              ; 00:00:54                           ;
; Fitter               ; 00:01:36     ; 1.1                     ; 915 MB              ; 00:02:17                           ;
; Assembler            ; 00:00:04     ; 1.0                     ; 399 MB              ; 00:00:04                           ;
; Timing Analyzer      ; 00:00:10     ; 1.5                     ; 547 MB              ; 00:00:16                           ;
; EDA Netlist Writer   ; 00:00:02     ; 1.0                     ; 670 MB              ; 00:00:02                           ;
; Total                ; 00:02:27     ; --                      ; --                  ; 00:03:33                           ;
+----------------------+--------------+-------------------------+---------------------+------------------------------------+


+----------------------------------------------------------------------------------------+
; Flow OS Summary                                                                        ;
+----------------------+------------------+----------------+------------+----------------+
; Module Name          ; Machine Hostname ; OS Name        ; OS Version ; Processor type ;
+----------------------+------------------+----------------+------------+----------------+
; Analysis & Synthesis ; tomslo           ; Ubuntu 18.04.6 ; 18         ; x86_64         ;
; Fitter               ; tomslo           ; Ubuntu 18.04.6 ; 18         ; x86_64         ;
; Assembler            ; tomslo           ; Ubuntu 18.04.6 ; 18         ; x86_64         ;
; Timing Analyzer      ; tomslo           ; Ubuntu 18.04.6 ; 18         ; x86_64         ;
; EDA Netlist Writer   ; tomslo           ; Ubuntu 18.04.6 ; 18         ; x86_64         ;
+----------------------+------------------+----------------+------------+----------------+


------------
; Flow Log ;
------------
quartus_map --read_settings_files=on --write_settings_files=off spectrum_analyzer -c spectrum_analyzer
quartus_fit --read_settings_files=off --write_settings_files=off spectrum_analyzer -c spectrum_analyzer
quartus_asm --read_settings_files=off --write_settings_files=off spectrum_analyzer -c spectrum_analyzer
quartus_sta spectrum_analyzer -c spectrum_analyzer
quartus_eda --read_settings_files=off --write_settings_files=off spectrum_analyzer -c spectrum_analyzer



